<?xml version="1.0" encoding="UTF-8"?>
<testsuite name="org.ecoparametros.FormularioSpringBootApplicationTests" tests="1" skipped="0" failures="0" errors="0" timestamp="2024-11-04T06:18:25" hostname="MIGUEL" time="0.254">
  <properties/>
  <testcase name="contextLoads()" classname="org.ecoparametros.FormularioSpringBootApplicationTests" time="0.254"/>
  <system-out><![CDATA[07:18:24.655 [Test worker] DEBUG org.springframework.boot.test.context.SpringBootTestContextBootstrapper - Neither @ContextConfiguration nor @ContextHierarchy found for test class [FormularioSpringBootApplicationTests]: using SpringBootContextLoader
07:18:24.658 [Test worker] DEBUG org.springframework.test.context.support.AbstractContextLoader - Could not detect default resource locations for test class [org.ecoparametros.FormularioSpringBootApplicationTests]: no resource found for suffixes {-context.xml, Context.groovy}.
07:18:24.659 [Test worker] INFO org.springframework.test.context.support.AnnotationConfigContextLoaderUtils - Could not detect default configuration classes for test class [org.ecoparametros.FormularioSpringBootApplicationTests]: FormularioSpringBootApplicationTests does not declare any static, non-private, non-final, nested classes annotated with @Configuration.
07:18:24.674 [Test worker] DEBUG org.springframework.boot.test.context.SpringBootTestContextBootstrapper - Using ContextCustomizers for test class [FormularioSpringBootApplicationTests]: [DisableObservabilityContextCustomizer, PropertyMappingContextCustomizer, Customizer, ExcludeFilterContextCustomizer, DuplicateJsonObjectContextCustomizer, MockitoContextCustomizer, TestRestTemplateContextCustomizer]
07:18:24.710 [Test worker] DEBUG org.springframework.context.annotation.ClassPathScanningCandidateComponentProvider - Identified candidate component class: file [C:\Users\migue\OneDrive\Escritorio\FormularioSpringBoot\build\classes\java\main\org\ecoparametros\FormularioSpringBootApplication.class]
07:18:24.711 [Test worker] INFO org.springframework.boot.test.context.SpringBootTestContextBootstrapper - Found @SpringBootConfiguration org.ecoparametros.FormularioSpringBootApplication for test class org.ecoparametros.FormularioSpringBootApplicationTests
07:18:24.770 [Test worker] DEBUG org.springframework.test.context.util.TestContextSpringFactoriesUtils - Skipping candidate TestExecutionListener [org.springframework.test.context.transaction.TransactionalTestExecutionListener] due to a missing dependency. Specify custom TestExecutionListener classes or make the default TestExecutionListener classes and their required dependencies available. Offending class: [org/springframework/transaction/interceptor/TransactionAttributeSource]
07:18:24.771 [Test worker] DEBUG org.springframework.test.context.util.TestContextSpringFactoriesUtils - Skipping candidate TestExecutionListener [org.springframework.test.context.jdbc.SqlScriptsTestExecutionListener] due to a missing dependency. Specify custom TestExecutionListener classes or make the default TestExecutionListener classes and their required dependencies available. Offending class: [org/springframework/transaction/interceptor/TransactionAttribute]
07:18:24.772 [Test worker] DEBUG org.springframework.boot.test.context.SpringBootTestContextBootstrapper - Using TestExecutionListeners for test class [FormularioSpringBootApplicationTests]: [ServletTestExecutionListener, DirtiesContextBeforeModesTestExecutionListener, ApplicationEventsTestExecutionListener, MockitoTestExecutionListener, DependencyInjectionTestExecutionListener, DirtiesContextTestExecutionListener, EventPublishingTestExecutionListener, RestDocsTestExecutionListener, MockRestServiceServerResetTestExecutionListener, MockMvcPrintOnlyOnFailureTestExecutionListener, WebDriverTestExecutionListener, MockWebServiceServerTestExecutionListener, ResetMocksTestExecutionListener]
07:18:24.773 [Test worker] DEBUG org.springframework.test.context.support.AbstractDirtiesContextTestExecutionListener - Before test class: class [FormularioSpringBootApplicationTests], class annotated with @DirtiesContext [false] with mode [null]

  .   ____          _            __ _ _
 /\\ / ___'_ __ _ _(_)_ __  __ _ \ \ \ \
( ( )\___ | '_ | '_| | '_ \/ _` | \ \ \ \
 \\/  ___)| |_)| | | | | || (_| |  ) ) ) )
  '  |____| .__|_| |_|_| |_\__, | / / / /
 =========|_|==============|___/=/_/_/_/
 :: Spring Boot ::                (v3.0.0)

2024-11-04T07:18:24.966+01:00  INFO 69716 --- [    Test worker] o.e.FormularioSpringBootApplicationTests : Starting FormularioSpringBootApplicationTests using Java 19.0.1 with PID 69716 (started by migue in C:\Users\migue\OneDrive\Escritorio\FormularioSpringBoot)
2024-11-04T07:18:24.967+01:00  INFO 69716 --- [    Test worker] o.e.FormularioSpringBootApplicationTests : No active profile set, falling back to 1 default profile: "default"
2024-11-04T07:18:25.673+01:00  INFO 69716 --- [    Test worker] o.e.FormularioSpringBootApplicationTests : Started FormularioSpringBootApplicationTests in 0.866 seconds (process running for 1.577)
]]></system-out>
  <system-err><![CDATA[]]></system-err>
</testsuite>
